<?xml version="1.0" encoding="UTF-8"?>
<testng-results ignored="0" total="1" passed="1" failed="0" skipped="0">
  <reporter-output>
  </reporter-output>
  <suite started-at="2023-01-19T12:32:00 IST" name="Default suite" finished-at="2023-01-19T12:32:02 IST" duration-ms="1707">
    <groups>
    </groups>
    <test started-at="2023-01-19T12:32:00 IST" name="Default test" finished-at="2023-01-19T12:32:02 IST" duration-ms="1707">
      <class name="Assignments.RepublicOfIndia">
        <test-method signature="republic()[pri:0, instance:Assignments.RepublicOfIndia@6d3a388c]" started-at="2023-01-19T12:32:01 IST" name="republic" finished-at="2023-01-19T12:32:02 IST" duration-ms="1675" status="PASS">
          <reporter-output>
          </reporter-output>
        </test-method> <!-- republic -->
      </class> <!-- Assignments.RepublicOfIndia -->
    </test> <!-- Default test -->
  </suite> <!-- Default suite -->
</testng-results>
